Case #1: DEYZCFAGJEWDUYTQCKUV
Case #2: DDKBLZCYWLOXQDKUREF
Case #3: GIQFGCWABQLYEPTNJZ
Case #4: JGHJNQMKKUIJPCGBLXVJ
Case #5: EFFEVCBMHWUTKGYVMZJ
Case #6: YWMHSIUIGJLNFYSCKBOV
Case #7: NKBERDPFCKTHLXQFMUY
Case #8: QRUJUFHDISPNTTZBCIX
Case #9: IAJDLZQRWUHEGUEBKJHM
Case #10: UGIOWDBGNTQDCEVSTZJ
Case #11: PWABURGHKQOJSIJDSXRN
Case #12: LSKPJVIAQCJNJZSOMFJ
Case #13: DFWFXOQPRZOKKHLMTCJ
Case #14: OTIUEYLQFZRPXWM
Case #15: GXLIRBABUWSPVINVOH
Case #16: RMNCOPLVLZFJWBCYEAHZ
Case #17: RMUIHKNGNVLXSZTECYX
Case #18: OKHYOVQRIOMFKCPXLIIB
Case #19: HMOSZBEGVRWIOEIUPPCK
Case #20: NPWNZDEIUSLTKGFMCREU
Case #21: UBYKNZIMRBEKDCVXAAH
Case #22: KHZNFIUCXOPGPSV
Case #23: GWKDOMAJCLRZCUBMETX
Case #24: MQWGOUFWMIFNAJVSBID
Case #25: CTJUOMEEJMFRNBDVPOKR
Case #26: OGDTXQWRLUZKFGIDWJA
Case #27: UZGCEHTXDAILQQYVM
Case #28: GWOHILSUDZPEBRUATCX
Case #29: GKLNFWILTZWOBAKOEPYV
Case #30: DFVCIUIUXKALOWQRPWEZ
Case #31: SYIRHKWMLVBONJNSCSZJ
Case #32: GWDQPDEJTCGSJQKLNUFB
Case #33: ALSUFTXBNIKLYDKKGQRC
Case #34: DHOWALEGNYJMTYUMAIMS
Case #35: QUNHEGFZDXJSAIMVKCZX
Case #36: CATUUNQVLRHADGWAJX
Case #37: SHEBQXMZAKGCLUMTRMAY
Case #38: FJJTYCIWQLVOYEFMGENR
Case #39: PHDWTJMDSCIRXMQBFQKI
Case #40: FDKZEQVOZJMTIYCBH
Case #41: CKFAEHEWXLSBUIGNEROL
Case #42: ASWIMRBKTEUEDPAPAMZJ
Case #43: TZGSQPEDLWNSVAHFROYK
Case #44: JEYFVEZALXWIHDOBFZC
Case #45: CJFZIGSVEIMKTQWALEY
Case #46: WMUFAXGWJVPOOAHZFS
Case #47: HOEKJEAQONGMRMSCYW
Case #48: GOTTQDBSNMHPEBPPYFV
Case #49: LCWBIJZDAOSTMKQU
Case #50: QSAXCBAKIWVLEJJWYSL
Case #51: JOHNSON
Case #52: OVZDHRZBATWDKGMJPO
Case #53: GERZNMUKBDVIWRQIT
Case #54: PFVEUXLTQGVHZDRIUS
Case #55: PBNDFORLKVYDWQMWEGD
Case #56: IJYTSZBOIPIPHGLRNQVZ
Case #57: PFEGSCCLDYUNTWKZBBW
Case #58: VMNEBGAFYSMRJHGIPIOV
Case #59: KJRTUZLDVKMGTEBUFCSQ
Case #60: CRCNNKJVMWTLNEHIXDG
Case #61: GLKSCWXDKNOUJPTGM
Case #62: JUBTYKLKFJJCNVXZDRQT
Case #63: ELDNSBQRTAWAMECHPDN
Case #64: CROXPMBKGOIDHVRULH
Case #65: HPJYEXCDKZQVMOTYWZ
Case #66: GNTZUKXXCGBAGWVYZFMT
Case #67: CDJDNVMZWKFOELCAR
Case #68: UEWTCFMLNNRKPWBAOEG
Case #69: AKPSITZBJRHJFLDGOX
Case #70: GKXQFVTMPSUGACDZGZF
Case #71: FCWCLBGKSMQHPDRIJ
Case #72: LZVIBAPLNJSRPFTQZARY
Case #73: NNXGOQHPVKEYIWCLTRB
Case #74: QTUDSRZAFSLDMTEVGPQJ
Case #75: ILJNOAUTRIHCCKSGNMX
Case #76: NENHYFVCIDYHMHAAOQBR
Case #77: FQRCGUEPIYYDPZNLRWOS
Case #78: DKBTBYZMSKATJHPGJVSC
Case #79: CTGIZKJRWMONAQIYN
Case #80: ANGMGGFZDCOMPKBWAQIL
Case #81: EMYSLIMUPLBHDFWNBSJA
Case #82: VHOANYFTRLDUCLUPWDGE
Case #83: FTBQBVLKYNEMOQLXJUHD
Case #84: JGEYYUFVYHYCXTUIZPDN
Case #85: DLZJORHWIPXAIGFPEBOI
Case #86: AUTISLHIOMHBSVNPQEDK
Case #87: IANCEDXANJZVGBKJYHV
Case #88: JADCIFWGXACJOTBQPR
Case #89: DLRSXGMIBHRFYQNKUP
Case #90: FCXKJYOGLZRKIVSCEYZP
Case #91: BLEVOYTFUBFAOJMWQOR
Case #92: CDOVVEJKQWMERSSQNLDG
Case #93: VUNAAVOGLWBSCUQBXZ
Case #94: OIUIHQCFGBGAXLQNMWDG
Case #95: YDKAQQCMELRNIBMKHGQE
Case #96: EQDIUBLYEYPFWLHUNVGS
Case #97: RSXGIEFZBMMUJCRUTYBL
Case #98: DQKSGONGMNKBJQEBPXAR
Case #99: OHCGKMKPFANOWJNPXYLV
Case #100: CTXPAWIEGWALSBTYPSN
