Case #1:
1: ZYVYOCOVET
2: NAFEFKTYAR
3: ECDJOGDZOZ
4: UGCLQKSMFN
5: ATAZDEYHWH
6: IJHCMJAFEN
7: ESIAYYBZZX
8: HDCXKSKVQO
9: EBNTTDZDBZ
10: CSKXUJKEWX
11: BGDJNXZLUT
12: HKYPVHYQTN
13: YLWXFVLWIC
14: KSCANXJLYH
15: YSWRJVIFVK
16: EKYYPUJKRN
17: PBDCXGYHKL
18: XRGJPAQDRT
19: YXFXHGWMZO
20: FIRHVAPUPR
21: IMOLTNQEZS
22: VIEBNYKKFW
23: ODFEGMQUCS
24: BARZZHBPFH
25: KTWRZDDSDE
26: UNFVWLYFWB
27: WJUCULKXKY
28: JGNMSCLRNI
29: XQJZDCLYOQ
30: MKQKCLUCEP
31: LOXHZFBPBS
32: WIJUIRPVNX
33: QIRNLSZIVT
34: BHAJDJONMB
35: LYKPAXMJKN
36: LXUZJOMZUN
37: CBLCCRGCYF
38: RZZVCPUMZB
39: IDCRHRAJWG
40: YDCDJIRCCW
41: GTVRTUPWVQ
42: MYXIRGDAMY
43: TFAYCYLADH
44: FQMTYIUQCU
45: TYNKXOUYGB
46: XBQXBHUKRN
47: ILWGFVLIOO
48: TMUXORFNBR
49: UAFPCBCNYM
50: MZPJIQPKHQ
51: VKXXJHRVEH
52: EAZNBDPMBE
53: AJVRXIMYQJ
54: YEBANELERZ
55: JEAQNRSFWL
56: HPJUDBWRTL
57: MAZEMDSIFW
58: CJTQLYJTAH
59: LWWXQGQFCF
60: SANWSWNUGK
61: HASFRLBIJW
62: EOEOFFNROY
63: ZBBLVZVRPY
64: RHSGAIQLDS
65: YOHVXZCCBQ
66: LMKLLVSCQX
67: ZELTFWJTVE
68: BFNTEQBAAU
69: XXXZUZOOLP
70: WHTLCMRBRS
71: UNVMPQSVWI
72: ZDITCYMHLN
73: EAIGFTQYVS
74: YACKYZTIDQ
75: GJFIJHJVJM
76: DQRIPYPNKQ
77: MZBMRQEKVA
78: HIAARVCIRR
79: DNRSZZKOJR
80: BBXUJZEBKH
81: OAELUDUIDM
82: ZLRCNHIYNA
83: ANFXCWOWTM
84: TIRPUVDNXV
85: VUEXHBYFSQ
86: GOCVBBMXBS
87: SVCOBHMOQA
88: GRMJCMIXWN
89: UQUBHXCJMC
90: EPPEDSJUHM
91: FCNYKEXBSJ
92: NEXPGOLJYC
93: GOABGLBPEC
94: TXPGUHFHDL
95: YWCSBVGEDP
96: RTNQPWPWYC
97: DGCPRQKLSA
98: CASJYUHOQB
99: DTKWKGSOTR
100: AXSOGUBQSX
Case #2:
1: KRUNCEZ
2: BZGXPSL
3: LAMYTJL
4: ZESQHLT
5: PZZYNPT
6: JEPKSVI
7: VPMMOLK
8: DAGHTJM
9: ENPGEXC
10: JDCVGQV
11: ZPGUXPY
12: ZOVANBZ
13: HONVOEJ
14: FDYLGEU
15: RNVDTXA
16: DTDDZXT
17: ETLKYJV
18: AJKMNSY
Case #3:
1: BOLT
2: GAY
3: PEIMENG
3: TIANBING
5: LARRY
Case #4:
1: MILIYYO
2: VNUREIZ
3: NGYWEKS
4: XXIBYWB
5: NUBMSJP
6: NQINJWC
7: WIRAWUS
8: GYZVGYR
9: IXMUAUA
10: DZGZHXB
11: WMIKIFO
12: UROIREJ
13: FGZNGFB
14: PADJJWR
15: DUVYJPQ
16: MUWBWZL
17: SHRIXBV
18: GXNOXOM
19: DODQWRA
20: LYOZVPN
Case #5:
1: INJCHQ
2: NGVBQP
3: IATRIN
4: GLQMOI
5: ETYXMG
6: VLGBSJ
7: ZWKKAT
8: PUFFDE
9: LKPDHM
10: OXBWBR
11: AWPXXG
12: WXGXTH
13: EAHVPD
14: CODRRL
15: BUBLGE
16: QEFPKY
17: JWPNTK
18: PTTGRZ
19: FHFAOW
20: DWISBQ
21: SMOKUA
22: QPPWEZ
23: LWWEQP
24: NBEXTG
25: GQMDIH
Case #6:
1: BZNLYXW
2: WKDZZIH
3: SOMNPMM
4: KZJGQJY
5: FFYUBTU
6: XNFNOIP
7: TZYWYOJ
8: OBHEEER
9: ZCQPDZU
10: KCNUNVC
11: TAVSMYR
12: PSYHNGS
13: TRAQYFX
14: LIBFZPV
15: QOVASKU
16: BKWWMTO
17: BNFISGC
18: ARIOALT
19: JELFNJF
20: UJVAVRT
21: KXKJPBD
Case #7:
1: QTRTLX
2: QXMQXK
3: MCHMDN
4: RAUEMH
5: VAAXKQ
6: ZQGPKB
7: OOKJUE
8: SSOUVW
9: LXVESG
10: XDEJVE
11: HXLLBL
12: RUPBKA
13: LWSSLW
14: EWCKOO
15: DPNMLR
16: JVAYWM
17: UHWXVN
18: SFAPGE
19: XFHUCE
Case #8:
1: SVTDUTU
2: CFAMHHE
3: WNAVLYR
4: DVKKJQN
5: YMXEEDJ
6: RNPRZMX
7: VFYSEGE
8: RLJPXZB
9: GLGBSFU
10: YBWEPRO
11: WKOJHKS
12: KZYPQHM
13: QWFARXH
14: DRHVNOX
15: IJPKHBM
16: KAHQXRC
17: YYYWAWA
Case #9:
1: TSZJQQ
2: LUSNXL
3: IOMHQI
4: QWKZRI
5: SENVUW
6: NMOWRD
7: IXWKYG
8: NMUVXV
9: SYGJZK
10: HSOVZE
11: EVSASP
12: ARXZCP
13: YCJMXL
14: UQMHOV
15: SLKHGE
16: BLPBOQ
17: RSYDZG
18: ERZDTE
19: HFCZIW
20: WEHTWF
21: QGYAUY
Case #10:
1: LPSUMTY
2: TKMBVXU
3: XTLPHZY
4: INBDFDZ
5: WSDUJOK
6: MOZEQZG
7: ZOAWKLN
8: LSTSXQP
9: BULDKRP
10: QNFKATN
11: OGJRGJX
12: LHREUZQ
13: CAZGULJ
14: GCATSCZ
15: QZQDRJW
16: BLSPAKJ
17: HVBDQGZ
18: RAXANYF
19: VQCUGCS
20: HLJTTBU
21: UDFFKWL
